Using pre-set license
Built from '2020.3/staging' branch; Version is '2020.3.17f1 (a4537701e4ab) revision 10769271'; Using compiler version '192528614'; Build Type 'Release'
OS: 'Windows 10 Pro; OS build 19042.1288; Version 2009; 64bit' Language: 'es' Physical Memory: 16304 MB
BatchMode: 1, IsHumanControllingUs: 0, StartBugReporterOnCrash: 0, Is64bit: 1, IsPro: 0

COMMAND LINE ARGUMENTS:
C:\Program Files\Unity\Hub\Editor\2020.3.17f1\Editor\Unity.exe
-adb2
-batchMode
-noUpm
-name
AssetImportWorker0
-projectPath
E:/Diego documentos/UPB/Semestre 5.2/Taller/pf/Proyecto-Anim/Animacion
-logFile
Logs/AssetImportWorker0.log
-srvPort
62029
Successfully changed project path to: E:/Diego documentos/UPB/Semestre 5.2/Taller/pf/Proyecto-Anim/Animacion
E:/Diego documentos/UPB/Semestre 5.2/Taller/pf/Proyecto-Anim/Animacion
Using Asset Import Pipeline V2.
Refreshing native plugins compatible for Editor in 43.61 ms, found 2 plugins.
Preloading 0 native plugins for Editor in 0.00 ms.
Initialize engine version: 2020.3.17f1 (a4537701e4ab)
[Subsystems] Discovering subsystems at path C:/Program Files/Unity/Hub/Editor/2020.3.17f1/Editor/Data/Resources/UnitySubsystems
[Subsystems] Discovering subsystems at path E:/Diego documentos/UPB/Semestre 5.2/Taller/pf/Proyecto-Anim/Animacion/Assets
GfxDevice: creating device client; threaded=0
Direct3D:
    Version:  Direct3D 11.0 [level 11.1]
    Renderer: NVIDIA GeForce RTX 2060 (ID=0x1f08)
    Vendor:   
    VRAM:     5980 MB
    Driver:   30.0.14.7212
Initialize mono
Mono path[0] = 'C:/Program Files/Unity/Hub/Editor/2020.3.17f1/Editor/Data/Managed'
Mono path[1] = 'C:/Program Files/Unity/Hub/Editor/2020.3.17f1/Editor/Data/MonoBleedingEdge/lib/mono/unityjit'
Mono config path = 'C:/Program Files/Unity/Hub/Editor/2020.3.17f1/Editor/Data/MonoBleedingEdge/etc'
Using monoOptions --debugger-agent=transport=dt_socket,embedding=1,server=y,suspend=n,address=127.0.0.1:56044
Begin MonoManager ReloadAssembly
Registering precompiled unity dll's ...
Register platform support module: C:/Program Files/Unity/Hub/Editor/2020.3.17f1/Editor/Data/PlaybackEngines/WindowsStandaloneSupport/UnityEditor.WindowsStandalone.Extensions.dll
Registered in 0.003504 seconds.
Native extension for WindowsStandalone target not found
Refreshing native plugins compatible for Editor in 36.53 ms, found 2 plugins.
Preloading 0 native plugins for Editor in 0.00 ms.
Mono: successfully reloaded assembly
- Completed reload, in  1.417 seconds
Domain Reload Profiling:
	ReloadAssembly (1417ms)
		BeginReloadAssembly (75ms)
			ExecutionOrderSort (0ms)
			DisableScriptedObjects (0ms)
			BackupInstance (0ms)
			ReleaseScriptingObjects (0ms)
			CreateAndSetChildDomain (1ms)
		EndReloadAssembly (497ms)
			LoadAssemblies (71ms)
			RebuildTransferFunctionScriptingTraits (0ms)
			SetupTypeCache (181ms)
			ReleaseScriptCaches (0ms)
			RebuildScriptCaches (36ms)
			SetupLoadedEditorAssemblies (189ms)
				LogAssemblyErrors (0ms)
				InitializePlatformSupportModulesInManaged (5ms)
				SetLoadedEditorAssemblies (0ms)
				RefreshPlugins (37ms)
				BeforeProcessingInitializeOnLoad (19ms)
				ProcessInitializeOnLoadAttributes (92ms)
				ProcessInitializeOnLoadMethodAttributes (35ms)
				AfterProcessingInitializeOnLoad (0ms)
				EditorAssembliesLoaded (0ms)
			ExecutionOrderSort2 (0ms)
			AwakeInstancesAfterBackupRestoration (0ms)
Platform modules already initialized, skipping
Registering precompiled user dll's ...
Registered in 0.013927 seconds.
Begin MonoManager ReloadAssembly
Native extension for WindowsStandalone target not found
Refreshing native plugins compatible for Editor in 0.39 ms, found 2 plugins.
Preloading 0 native plugins for Editor in 0.00 ms.
Mono: successfully reloaded assembly
- Completed reload, in  1.364 seconds
Domain Reload Profiling:
	ReloadAssembly (1366ms)
		BeginReloadAssembly (181ms)
			ExecutionOrderSort (0ms)
			DisableScriptedObjects (6ms)
			BackupInstance (0ms)
			ReleaseScriptingObjects (0ms)
			CreateAndSetChildDomain (19ms)
		EndReloadAssembly (1100ms)
			LoadAssemblies (127ms)
			RebuildTransferFunctionScriptingTraits (0ms)
			SetupTypeCache (326ms)
			ReleaseScriptCaches (1ms)
			RebuildScriptCaches (52ms)
			SetupLoadedEditorAssemblies (476ms)
				LogAssemblyErrors (0ms)
				InitializePlatformSupportModulesInManaged (6ms)
				SetLoadedEditorAssemblies (1ms)
				RefreshPlugins (1ms)
				BeforeProcessingInitializeOnLoad (109ms)
				ProcessInitializeOnLoadAttributes (342ms)
				ProcessInitializeOnLoadMethodAttributes (5ms)
				AfterProcessingInitializeOnLoad (11ms)
				EditorAssembliesLoaded (0ms)
			ExecutionOrderSort2 (0ms)
			AwakeInstancesAfterBackupRestoration (8ms)
Platform modules already initialized, skipping
========================================================================
Worker process is ready to serve import requests
Launched and connected shader compiler UnityShaderCompiler.exe after 0.05 seconds
Refreshing native plugins compatible for Editor in 0.36 ms, found 2 plugins.
Preloading 0 native plugins for Editor in 0.00 ms.
Unloading 1405 Unused Serialized files (Serialized files now loaded: 0)
System memory in use before: 65.7 MB.
System memory in use after: 65.8 MB.

Unloading 18 unused Assets to reduce memory usage. Loaded Objects now: 1842.
Total: 3.275900 ms (FindLiveObjects: 0.178600 ms CreateObjectMapping: 0.040100 ms MarkObjects: 2.987300 ms  DeleteObjects: 0.068100 ms)

AssetImportParameters requested are different than current active one (requested -> active):
  custom:framework-win-MediaFoundation: 216162199b28c13a410421893ffa2e32 -> 
  custom:video-decoder-ogg-theora: a1e56fd34408186e4bbccfd4996cb3dc -> 
  custom:container-muxer-webm: aa71ff27fc2769a1b78a27578f13a17b -> 
  custom:container-demuxer-webm: 4f35f7cbe854078d1ac9338744f61a02 -> 
  custom:container-demuxer-ogg: 62fdf1f143b41e24485cea50d1cbac27 -> 
  custom:video-encoder-webm-vp8: eb34c28f22e8b96e1ab97ce403110664 -> 
  custom:video-decoder-webm-vp8: 9c59270c3fd7afecdb556c50c9e8de78 -> 
  custom:audio-decoder-ogg-vorbis: bf7c407c2cedff20999df2af8eb42d56 -> 
  custom:audio-encoder-webm-vorbis: bf7c407c2cedff20999df2af8eb42d56 -> 
========================================================================
Received Import Request.
  path: Assets/Scenes/Archivos/FinalGanador.unity
  artifactKey: Guid(d40e09f9f17b05047bd7c3972e3fc5ed) Importer(815301076,1909f56bfc062723c751e8b465ee728b)
Start importing Assets/Scenes/Archivos/FinalGanador.unity using Guid(d40e09f9f17b05047bd7c3972e3fc5ed) Importer(815301076,1909f56bfc062723c751e8b465ee728b)  -> (artifact id: 'b7527d11ab6558f6d60c1e8c4813a602') in 0.016061 seconds 
  Import took 0.031625 seconds .

========================================================================
Received Import Request.
  Time since last request: 13.266978 seconds.
  path: Assets/Scenes/Archivos/Votacion.unity
  artifactKey: Guid(fa3b9211ca03b084fbc432ae63a7b347) Importer(815301076,1909f56bfc062723c751e8b465ee728b)
Start importing Assets/Scenes/Archivos/Votacion.unity using Guid(fa3b9211ca03b084fbc432ae63a7b347) Importer(815301076,1909f56bfc062723c751e8b465ee728b)  -> (artifact id: '9f3443434e698b3d07d0600a9041bde7') in 0.005655 seconds 
  Import took 0.010776 seconds .

========================================================================
Received Import Request.
  Time since last request: 27.751223 seconds.
  path: Assets/Scenes/Archivos/FinalPierde2.unity
  artifactKey: Guid(d1d0b0c8c94b0544b9193568a983d9b9) Importer(815301076,1909f56bfc062723c751e8b465ee728b)
Start importing Assets/Scenes/Archivos/FinalPierde2.unity using Guid(d1d0b0c8c94b0544b9193568a983d9b9) Importer(815301076,1909f56bfc062723c751e8b465ee728b)  -> (artifact id: 'bcce10f0539ecdbb73b11903d81eacd7') in 0.005020 seconds 
  Import took 0.009789 seconds .

========================================================================
Received Prepare
Registering precompiled user dll's ...
Registered in 0.013152 seconds.
Begin MonoManager ReloadAssembly
Native extension for WindowsStandalone target not found
Refreshing native plugins compatible for Editor in 0.38 ms, found 2 plugins.
Preloading 0 native plugins for Editor in 0.00 ms.
Mono: successfully reloaded assembly
- Completed reload, in  1.290 seconds
Domain Reload Profiling:
	ReloadAssembly (1291ms)
		BeginReloadAssembly (149ms)
			ExecutionOrderSort (0ms)
			DisableScriptedObjects (6ms)
			BackupInstance (0ms)
			ReleaseScriptingObjects (0ms)
			CreateAndSetChildDomain (35ms)
		EndReloadAssembly (1055ms)
			LoadAssemblies (126ms)
			RebuildTransferFunctionScriptingTraits (0ms)
			SetupTypeCache (308ms)
			ReleaseScriptCaches (1ms)
			RebuildScriptCaches (48ms)
			SetupLoadedEditorAssemblies (451ms)
				LogAssemblyErrors (0ms)
				InitializePlatformSupportModulesInManaged (6ms)
				SetLoadedEditorAssemblies (1ms)
				RefreshPlugins (1ms)
				BeforeProcessingInitializeOnLoad (103ms)
				ProcessInitializeOnLoadAttributes (324ms)
				ProcessInitializeOnLoadMethodAttributes (5ms)
				AfterProcessingInitializeOnLoad (11ms)
				EditorAssembliesLoaded (0ms)
			ExecutionOrderSort2 (0ms)
			AwakeInstancesAfterBackupRestoration (8ms)
Platform modules already initialized, skipping
Refreshing native plugins compatible for Editor in 0.38 ms, found 2 plugins.
Preloading 0 native plugins for Editor in 0.00 ms.
Unloading 1399 Unused Serialized files (Serialized files now loaded: 0)
System memory in use before: 65.5 MB.
System memory in use after: 65.6 MB.

Unloading 13 unused Assets to reduce memory usage. Loaded Objects now: 1844.
Total: 3.188300 ms (FindLiveObjects: 0.159200 ms CreateObjectMapping: 0.039800 ms MarkObjects: 2.972800 ms  DeleteObjects: 0.015400 ms)

AssetImportParameters requested are different than current active one (requested -> active):
  custom:framework-win-MediaFoundation: 216162199b28c13a410421893ffa2e32 -> 
  custom:video-decoder-ogg-theora: a1e56fd34408186e4bbccfd4996cb3dc -> 
  custom:container-muxer-webm: aa71ff27fc2769a1b78a27578f13a17b -> 
  custom:container-demuxer-webm: 4f35f7cbe854078d1ac9338744f61a02 -> 
  custom:container-demuxer-ogg: 62fdf1f143b41e24485cea50d1cbac27 -> 
  custom:video-encoder-webm-vp8: eb34c28f22e8b96e1ab97ce403110664 -> 
  custom:video-decoder-webm-vp8: 9c59270c3fd7afecdb556c50c9e8de78 -> 
  custom:audio-decoder-ogg-vorbis: bf7c407c2cedff20999df2af8eb42d56 -> 
  custom:audio-encoder-webm-vorbis: bf7c407c2cedff20999df2af8eb42d56 -> 
========================================================================
Received Prepare
Registering precompiled user dll's ...
Registered in 0.012479 seconds.
Begin MonoManager ReloadAssembly
Native extension for WindowsStandalone target not found
Refreshing native plugins compatible for Editor in 0.39 ms, found 2 plugins.
Preloading 0 native plugins for Editor in 0.00 ms.
Mono: successfully reloaded assembly
- Completed reload, in  1.279 seconds
Domain Reload Profiling:
	ReloadAssembly (1280ms)
		BeginReloadAssembly (136ms)
			ExecutionOrderSort (0ms)
			DisableScriptedObjects (6ms)
			BackupInstance (0ms)
			ReleaseScriptingObjects (0ms)
			CreateAndSetChildDomain (33ms)
		EndReloadAssembly (1058ms)
			LoadAssemblies (126ms)
			RebuildTransferFunctionScriptingTraits (0ms)
			SetupTypeCache (313ms)
			ReleaseScriptCaches (1ms)
			RebuildScriptCaches (43ms)
			SetupLoadedEditorAssemblies (459ms)
				LogAssemblyErrors (0ms)
				InitializePlatformSupportModulesInManaged (7ms)
				SetLoadedEditorAssemblies (1ms)
				RefreshPlugins (1ms)
				BeforeProcessingInitializeOnLoad (104ms)
				ProcessInitializeOnLoadAttributes (331ms)
				ProcessInitializeOnLoadMethodAttributes (5ms)
				AfterProcessingInitializeOnLoad (11ms)
				EditorAssembliesLoaded (0ms)
			ExecutionOrderSort2 (0ms)
			AwakeInstancesAfterBackupRestoration (9ms)
Platform modules already initialized, skipping
Refreshing native plugins compatible for Editor in 0.39 ms, found 2 plugins.
Preloading 0 native plugins for Editor in 0.00 ms.
Unloading 1399 Unused Serialized files (Serialized files now loaded: 0)
System memory in use before: 65.6 MB.
System memory in use after: 65.7 MB.

Unloading 13 unused Assets to reduce memory usage. Loaded Objects now: 1846.
Total: 3.157000 ms (FindLiveObjects: 0.168200 ms CreateObjectMapping: 0.038800 ms MarkObjects: 2.932500 ms  DeleteObjects: 0.016400 ms)

AssetImportParameters requested are different than current active one (requested -> active):
  custom:framework-win-MediaFoundation: 216162199b28c13a410421893ffa2e32 -> 
  custom:video-decoder-ogg-theora: a1e56fd34408186e4bbccfd4996cb3dc -> 
  custom:container-muxer-webm: aa71ff27fc2769a1b78a27578f13a17b -> 
  custom:container-demuxer-webm: 4f35f7cbe854078d1ac9338744f61a02 -> 
  custom:container-demuxer-ogg: 62fdf1f143b41e24485cea50d1cbac27 -> 
  custom:video-encoder-webm-vp8: eb34c28f22e8b96e1ab97ce403110664 -> 
  custom:video-decoder-webm-vp8: 9c59270c3fd7afecdb556c50c9e8de78 -> 
  custom:audio-decoder-ogg-vorbis: bf7c407c2cedff20999df2af8eb42d56 -> 
  custom:audio-encoder-webm-vorbis: bf7c407c2cedff20999df2af8eb42d56 -> 
========================================================================
Received Prepare
Refreshing native plugins compatible for Editor in 10.02 ms, found 2 plugins.
Preloading 0 native plugins for Editor in 0.00 ms.
Unloading 11 Unused Serialized files (Serialized files now loaded: 0)
System memory in use before: 38.1 MB.
System memory in use after: 38.2 MB.

Unloading 11 unused Assets to reduce memory usage. Loaded Objects now: 1846.
Total: 3.306200 ms (FindLiveObjects: 0.182400 ms CreateObjectMapping: 0.039400 ms MarkObjects: 3.068600 ms  DeleteObjects: 0.014900 ms)

AssetImportParameters requested are different than current active one (requested -> active):
  custom:framework-win-MediaFoundation: 216162199b28c13a410421893ffa2e32 -> 
  custom:video-decoder-ogg-theora: a1e56fd34408186e4bbccfd4996cb3dc -> 
  custom:container-muxer-webm: aa71ff27fc2769a1b78a27578f13a17b -> 
  custom:container-demuxer-webm: 4f35f7cbe854078d1ac9338744f61a02 -> 
  custom:container-demuxer-ogg: 62fdf1f143b41e24485cea50d1cbac27 -> 
  custom:video-encoder-webm-vp8: eb34c28f22e8b96e1ab97ce403110664 -> 
  custom:video-decoder-webm-vp8: 9c59270c3fd7afecdb556c50c9e8de78 -> 
  custom:audio-decoder-ogg-vorbis: bf7c407c2cedff20999df2af8eb42d56 -> 
  custom:audio-encoder-webm-vorbis: bf7c407c2cedff20999df2af8eb42d56 -> 
========================================================================
Received Import Request.
  Time since last request: 225.438640 seconds.
  path: Assets/Scenes/Cuartos.unity
  artifactKey: Guid(861f78e101c839c47afab5053fc3602c) Importer(815301076,1909f56bfc062723c751e8b465ee728b)
Start importing Assets/Scenes/Cuartos.unity using Guid(861f78e101c839c47afab5053fc3602c) Importer(815301076,1909f56bfc062723c751e8b465ee728b)  -> (artifact id: '2c77d55c0f36489bfa9aab7173659da9') in 0.017894 seconds 
  Import took 0.025616 seconds .

========================================================================
Received Import Request.
  Time since last request: 197.102222 seconds.
  path: Assets/Scenes/Cuartos.unity
  artifactKey: Guid(861f78e101c839c47afab5053fc3602c) Importer(815301076,1909f56bfc062723c751e8b465ee728b)
Start importing Assets/Scenes/Cuartos.unity using Guid(861f78e101c839c47afab5053fc3602c) Importer(815301076,1909f56bfc062723c751e8b465ee728b)  -> (artifact id: 'c72619bc86f6aae92a76d1e5d66bf4ea') in 0.005514 seconds 
  Import took 0.035631 seconds .

========================================================================
Received Import Request.
  Time since last request: 97.111752 seconds.
  path: Assets/Scenes/Cuartos.unity
  artifactKey: Guid(861f78e101c839c47afab5053fc3602c) Importer(815301076,1909f56bfc062723c751e8b465ee728b)
Start importing Assets/Scenes/Cuartos.unity using Guid(861f78e101c839c47afab5053fc3602c) Importer(815301076,1909f56bfc062723c751e8b465ee728b)  -> (artifact id: '231d68f57213e93b169c69bec16c3672') in 0.005399 seconds 
  Import took 0.030789 seconds .

========================================================================
Received Import Request.
  Time since last request: 11.462780 seconds.
  path: Assets/Scenes/Cuartos.unity
  artifactKey: Guid(861f78e101c839c47afab5053fc3602c) Importer(815301076,1909f56bfc062723c751e8b465ee728b)
Start importing Assets/Scenes/Cuartos.unity using Guid(861f78e101c839c47afab5053fc3602c) Importer(815301076,1909f56bfc062723c751e8b465ee728b)  -> (artifact id: '8405b4e6d60b35964de8f83cbecdfd1f') in 0.005978 seconds 
  Import took 0.011265 seconds .

========================================================================
Received Import Request.
  Time since last request: 1.124423 seconds.
  path: Assets/Scenes/Archivos.unity
  artifactKey: Guid(42afc9a2e7aaecf478f9596633d67b6b) Importer(815301076,1909f56bfc062723c751e8b465ee728b)
Start importing Assets/Scenes/Archivos.unity using Guid(42afc9a2e7aaecf478f9596633d67b6b) Importer(815301076,1909f56bfc062723c751e8b465ee728b)  -> (artifact id: 'd2d8811e8bdf491c3a2f0c6618a3f777') in 0.005711 seconds 
  Import took 0.011113 seconds .

========================================================================
Received Import Request.
  Time since last request: 11.034962 seconds.
  path: Assets/Scenes/Archivos/A1.unity
  artifactKey: Guid(1aa43716ddb85dc428e7a386e039755b) Importer(815301076,1909f56bfc062723c751e8b465ee728b)
Start importing Assets/Scenes/Archivos/A1.unity using Guid(1aa43716ddb85dc428e7a386e039755b) Importer(815301076,1909f56bfc062723c751e8b465ee728b)  -> (artifact id: 'be7e86a44e635a63cf392a99e25edd80') in 0.005611 seconds 
  Import took 0.011098 seconds .

========================================================================
Received Import Request.
  Time since last request: 61.475836 seconds.
  path: Assets/Scenes/Archivos/Votacion.unity
  artifactKey: Guid(fa3b9211ca03b084fbc432ae63a7b347) Importer(815301076,1909f56bfc062723c751e8b465ee728b)
Start importing Assets/Scenes/Archivos/Votacion.unity using Guid(fa3b9211ca03b084fbc432ae63a7b347) Importer(815301076,1909f56bfc062723c751e8b465ee728b)  -> (artifact id: 'b38843e6efd358a0d5616a91d8024577') in 0.005453 seconds 
  Import took 0.011273 seconds .

========================================================================
Received Import Request.
  Time since last request: 21.705665 seconds.
  path: Assets/Scenes/Cuartos/C1.unity
  artifactKey: Guid(1748b3c4630bbc845b99b10f3cec9f2a) Importer(815301076,1909f56bfc062723c751e8b465ee728b)
Start importing Assets/Scenes/Cuartos/C1.unity using Guid(1748b3c4630bbc845b99b10f3cec9f2a) Importer(815301076,1909f56bfc062723c751e8b465ee728b)  -> (artifact id: '24d881bb4ed5dbabe21b4801a607ce6b') in 0.005312 seconds 
  Import took 0.011509 seconds .

========================================================================
Received Prepare
Registering precompiled user dll's ...
Registered in 0.012882 seconds.
Begin MonoManager ReloadAssembly
Native extension for WindowsStandalone target not found
Refreshing native plugins compatible for Editor in 0.38 ms, found 2 plugins.
Preloading 0 native plugins for Editor in 0.00 ms.
Mono: successfully reloaded assembly
- Completed reload, in  1.288 seconds
Domain Reload Profiling:
	ReloadAssembly (1289ms)
		BeginReloadAssembly (147ms)
			ExecutionOrderSort (0ms)
			DisableScriptedObjects (6ms)
			BackupInstance (0ms)
			ReleaseScriptingObjects (0ms)
			CreateAndSetChildDomain (35ms)
		EndReloadAssembly (1055ms)
			LoadAssemblies (127ms)
			RebuildTransferFunctionScriptingTraits (0ms)
			SetupTypeCache (305ms)
			ReleaseScriptCaches (1ms)
			RebuildScriptCaches (42ms)
			SetupLoadedEditorAssemblies (464ms)
				LogAssemblyErrors (0ms)
				InitializePlatformSupportModulesInManaged (7ms)
				SetLoadedEditorAssemblies (1ms)
				RefreshPlugins (1ms)
				BeforeProcessingInitializeOnLoad (106ms)
				ProcessInitializeOnLoadAttributes (333ms)
				ProcessInitializeOnLoadMethodAttributes (5ms)
				AfterProcessingInitializeOnLoad (11ms)
				EditorAssembliesLoaded (0ms)
			ExecutionOrderSort2 (0ms)
			AwakeInstancesAfterBackupRestoration (8ms)
Platform modules already initialized, skipping
Refreshing native plugins compatible for Editor in 0.38 ms, found 2 plugins.
Preloading 0 native plugins for Editor in 0.00 ms.
Unloading 1399 Unused Serialized files (Serialized files now loaded: 0)
System memory in use before: 65.6 MB.
System memory in use after: 65.7 MB.

Unloading 13 unused Assets to reduce memory usage. Loaded Objects now: 1848.
Total: 3.453600 ms (FindLiveObjects: 0.171600 ms CreateObjectMapping: 0.038900 ms MarkObjects: 3.222500 ms  DeleteObjects: 0.019300 ms)

AssetImportParameters requested are different than current active one (requested -> active):
  custom:framework-win-MediaFoundation: 216162199b28c13a410421893ffa2e32 -> 
  custom:video-decoder-ogg-theora: a1e56fd34408186e4bbccfd4996cb3dc -> 
  custom:container-muxer-webm: aa71ff27fc2769a1b78a27578f13a17b -> 
  custom:container-demuxer-webm: 4f35f7cbe854078d1ac9338744f61a02 -> 
  custom:container-demuxer-ogg: 62fdf1f143b41e24485cea50d1cbac27 -> 
  custom:video-encoder-webm-vp8: eb34c28f22e8b96e1ab97ce403110664 -> 
  custom:video-decoder-webm-vp8: 9c59270c3fd7afecdb556c50c9e8de78 -> 
  custom:audio-decoder-ogg-vorbis: bf7c407c2cedff20999df2af8eb42d56 -> 
  custom:audio-encoder-webm-vorbis: bf7c407c2cedff20999df2af8eb42d56 -> 
========================================================================
Received Import Request.
  Time since last request: 81.875785 seconds.
  path: Assets/Scenes/Archivos.unity
  artifactKey: Guid(42afc9a2e7aaecf478f9596633d67b6b) Importer(815301076,1909f56bfc062723c751e8b465ee728b)
Start importing Assets/Scenes/Archivos.unity using Guid(42afc9a2e7aaecf478f9596633d67b6b) Importer(815301076,1909f56bfc062723c751e8b465ee728b)  -> (artifact id: 'f893571533981f558ca6fe784ae72025') in 0.016695 seconds 
  Import took 0.028422 seconds .

========================================================================
Received Import Request.
  Time since last request: 16.042538 seconds.
  path: Assets/Scenes/Archivos/A1.unity
  artifactKey: Guid(1aa43716ddb85dc428e7a386e039755b) Importer(815301076,1909f56bfc062723c751e8b465ee728b)
Start importing Assets/Scenes/Archivos/A1.unity using Guid(1aa43716ddb85dc428e7a386e039755b) Importer(815301076,1909f56bfc062723c751e8b465ee728b)  -> (artifact id: 'c95e60d184d3b6f40e51b2ae8411b1d1') in 0.005423 seconds 
  Import took 0.010980 seconds .

========================================================================
Received Import Request.
  Time since last request: 8.322955 seconds.
  path: Assets/Scenes/Archivos/A2.unity
  artifactKey: Guid(68d05bbb813efe94e94f26f454265d24) Importer(815301076,1909f56bfc062723c751e8b465ee728b)
Start importing Assets/Scenes/Archivos/A2.unity using Guid(68d05bbb813efe94e94f26f454265d24) Importer(815301076,1909f56bfc062723c751e8b465ee728b)  -> (artifact id: '468f43bbffc78e677aa80f89d740bb0b') in 0.005345 seconds 
  Import took 0.010893 seconds .

========================================================================
Received Import Request.
  Time since last request: 7.714045 seconds.
  path: Assets/Scenes/Archivos/A3.unity
  artifactKey: Guid(97c7f26200e02ab43abe28d67629aa12) Importer(815301076,1909f56bfc062723c751e8b465ee728b)
Start importing Assets/Scenes/Archivos/A3.unity using Guid(97c7f26200e02ab43abe28d67629aa12) Importer(815301076,1909f56bfc062723c751e8b465ee728b)  -> (artifact id: 'b2d0decb2b81b167d64730d36c1c6f1f') in 0.005456 seconds 
  Import took 0.010898 seconds .

========================================================================
Received Import Request.
  Time since last request: 6.146848 seconds.
  path: Assets/Scenes/Archivos/Final Pierde.unity
  artifactKey: Guid(e016f75af322e5d4ca7bc32a015b6c1d) Importer(815301076,1909f56bfc062723c751e8b465ee728b)
Start importing Assets/Scenes/Archivos/Final Pierde.unity using Guid(e016f75af322e5d4ca7bc32a015b6c1d) Importer(815301076,1909f56bfc062723c751e8b465ee728b)  -> (artifact id: '78df0bcc95169fafe8a9f16535471b07') in 0.005357 seconds 
  Import took 0.024961 seconds .

========================================================================
Received Import Request.
  Time since last request: 6.382686 seconds.
  path: Assets/Scenes/Archivos/FinalGanador.unity
  artifactKey: Guid(d40e09f9f17b05047bd7c3972e3fc5ed) Importer(815301076,1909f56bfc062723c751e8b465ee728b)
Start importing Assets/Scenes/Archivos/FinalGanador.unity using Guid(d40e09f9f17b05047bd7c3972e3fc5ed) Importer(815301076,1909f56bfc062723c751e8b465ee728b)  -> (artifact id: 'b70043dc596161a3721028f3723ecac4') in 0.005785 seconds 
  Import took 0.011203 seconds .

========================================================================
Received Import Request.
  Time since last request: 5.792931 seconds.
  path: Assets/Scenes/Archivos/FinalPierde2.unity
  artifactKey: Guid(d1d0b0c8c94b0544b9193568a983d9b9) Importer(815301076,1909f56bfc062723c751e8b465ee728b)
Start importing Assets/Scenes/Archivos/FinalPierde2.unity using Guid(d1d0b0c8c94b0544b9193568a983d9b9) Importer(815301076,1909f56bfc062723c751e8b465ee728b)  -> (artifact id: '8fed3dad2dc5c71ddee219d873c52df5') in 0.005417 seconds 
  Import took 0.020591 seconds .

========================================================================
Received Import Request.
  Time since last request: 6.818165 seconds.
  path: Assets/Scenes/Archivos/Votacion.unity
  artifactKey: Guid(fa3b9211ca03b084fbc432ae63a7b347) Importer(815301076,1909f56bfc062723c751e8b465ee728b)
Start importing Assets/Scenes/Archivos/Votacion.unity using Guid(fa3b9211ca03b084fbc432ae63a7b347) Importer(815301076,1909f56bfc062723c751e8b465ee728b)  -> (artifact id: '6a745d5d8c399b12c4d512bdaa6439dc') in 0.005541 seconds 
  Import took 0.030233 seconds .

========================================================================
Received Import Request.
  Time since last request: 11.735890 seconds.
  path: Assets/Scenes/Cuartos/C1.unity
  artifactKey: Guid(1748b3c4630bbc845b99b10f3cec9f2a) Importer(815301076,1909f56bfc062723c751e8b465ee728b)
Start importing Assets/Scenes/Cuartos/C1.unity using Guid(1748b3c4630bbc845b99b10f3cec9f2a) Importer(815301076,1909f56bfc062723c751e8b465ee728b)  -> (artifact id: 'bf583c8306fbf847664e6025d4aa5485') in 0.005485 seconds 
  Import took 0.021876 seconds .

========================================================================
Received Prepare
Registering precompiled user dll's ...
Registered in 0.013254 seconds.
Begin MonoManager ReloadAssembly
Native extension for WindowsStandalone target not found
Refreshing native plugins compatible for Editor in 0.37 ms, found 2 plugins.
Preloading 0 native plugins for Editor in 0.00 ms.
Mono: successfully reloaded assembly
- Completed reload, in  1.289 seconds
Domain Reload Profiling:
	ReloadAssembly (1291ms)
		BeginReloadAssembly (141ms)
			ExecutionOrderSort (0ms)
			DisableScriptedObjects (6ms)
			BackupInstance (0ms)
			ReleaseScriptingObjects (0ms)
			CreateAndSetChildDomain (35ms)
		EndReloadAssembly (1064ms)
			LoadAssemblies (122ms)
			RebuildTransferFunctionScriptingTraits (0ms)
			SetupTypeCache (304ms)
			ReleaseScriptCaches (1ms)
			RebuildScriptCaches (43ms)
			SetupLoadedEditorAssemblies (470ms)
				LogAssemblyErrors (0ms)
				InitializePlatformSupportModulesInManaged (6ms)
				SetLoadedEditorAssemblies (1ms)
				RefreshPlugins (1ms)
				BeforeProcessingInitializeOnLoad (107ms)
				ProcessInitializeOnLoadAttributes (339ms)
				ProcessInitializeOnLoadMethodAttributes (5ms)
				AfterProcessingInitializeOnLoad (12ms)
				EditorAssembliesLoaded (0ms)
			ExecutionOrderSort2 (0ms)
			AwakeInstancesAfterBackupRestoration (9ms)
Platform modules already initialized, skipping
Refreshing native plugins compatible for Editor in 0.39 ms, found 2 plugins.
Preloading 0 native plugins for Editor in 0.00 ms.
Unloading 1399 Unused Serialized files (Serialized files now loaded: 0)
System memory in use before: 65.7 MB.
System memory in use after: 65.8 MB.

Unloading 13 unused Assets to reduce memory usage. Loaded Objects now: 1850.
Total: 3.403500 ms (FindLiveObjects: 0.183400 ms CreateObjectMapping: 0.039100 ms MarkObjects: 3.162400 ms  DeleteObjects: 0.016600 ms)

AssetImportParameters requested are different than current active one (requested -> active):
  custom:framework-win-MediaFoundation: 216162199b28c13a410421893ffa2e32 -> 
  custom:video-decoder-ogg-theora: a1e56fd34408186e4bbccfd4996cb3dc -> 
  custom:container-muxer-webm: aa71ff27fc2769a1b78a27578f13a17b -> 
  custom:container-demuxer-webm: 4f35f7cbe854078d1ac9338744f61a02 -> 
  custom:container-demuxer-ogg: 62fdf1f143b41e24485cea50d1cbac27 -> 
  custom:video-encoder-webm-vp8: eb34c28f22e8b96e1ab97ce403110664 -> 
  custom:video-decoder-webm-vp8: 9c59270c3fd7afecdb556c50c9e8de78 -> 
  custom:audio-decoder-ogg-vorbis: bf7c407c2cedff20999df2af8eb42d56 -> 
  custom:audio-encoder-webm-vorbis: bf7c407c2cedff20999df2af8eb42d56 -> 
========================================================================
Received Prepare
Refreshing native plugins compatible for Editor in 9.24 ms, found 2 plugins.
Preloading 0 native plugins for Editor in 0.00 ms.
Unloading 11 Unused Serialized files (Serialized files now loaded: 0)
System memory in use before: 38.2 MB.
System memory in use after: 38.3 MB.

Unloading 11 unused Assets to reduce memory usage. Loaded Objects now: 1850.
Total: 3.587900 ms (FindLiveObjects: 0.234600 ms CreateObjectMapping: 0.039700 ms MarkObjects: 3.291900 ms  DeleteObjects: 0.018400 ms)

AssetImportParameters requested are different than current active one (requested -> active):
  custom:framework-win-MediaFoundation: 216162199b28c13a410421893ffa2e32 -> 
  custom:video-decoder-ogg-theora: a1e56fd34408186e4bbccfd4996cb3dc -> 
  custom:container-muxer-webm: aa71ff27fc2769a1b78a27578f13a17b -> 
  custom:container-demuxer-webm: 4f35f7cbe854078d1ac9338744f61a02 -> 
  custom:container-demuxer-ogg: 62fdf1f143b41e24485cea50d1cbac27 -> 
  custom:video-encoder-webm-vp8: eb34c28f22e8b96e1ab97ce403110664 -> 
  custom:video-decoder-webm-vp8: 9c59270c3fd7afecdb556c50c9e8de78 -> 
  custom:audio-decoder-ogg-vorbis: bf7c407c2cedff20999df2af8eb42d56 -> 
  custom:audio-encoder-webm-vorbis: bf7c407c2cedff20999df2af8eb42d56 -> 
========================================================================
Received Prepare
Refreshing native plugins compatible for Editor in 9.33 ms, found 2 plugins.
Preloading 0 native plugins for Editor in 0.00 ms.
Unloading 11 Unused Serialized files (Serialized files now loaded: 0)
System memory in use before: 38.2 MB.
System memory in use after: 38.3 MB.

Unloading 11 unused Assets to reduce memory usage. Loaded Objects now: 1850.
Total: 3.339800 ms (FindLiveObjects: 0.165500 ms CreateObjectMapping: 0.038300 ms MarkObjects: 3.121000 ms  DeleteObjects: 0.013900 ms)

AssetImportParameters requested are different than current active one (requested -> active):
  custom:framework-win-MediaFoundation: 216162199b28c13a410421893ffa2e32 -> 
  custom:video-decoder-ogg-theora: a1e56fd34408186e4bbccfd4996cb3dc -> 
  custom:container-muxer-webm: aa71ff27fc2769a1b78a27578f13a17b -> 
  custom:container-demuxer-webm: 4f35f7cbe854078d1ac9338744f61a02 -> 
  custom:container-demuxer-ogg: 62fdf1f143b41e24485cea50d1cbac27 -> 
  custom:video-encoder-webm-vp8: eb34c28f22e8b96e1ab97ce403110664 -> 
  custom:video-decoder-webm-vp8: 9c59270c3fd7afecdb556c50c9e8de78 -> 
  custom:audio-decoder-ogg-vorbis: bf7c407c2cedff20999df2af8eb42d56 -> 
  custom:audio-encoder-webm-vorbis: bf7c407c2cedff20999df2af8eb42d56 -> 
